mode: set
github.com/lucas-soria/backpack-bcgow6-lucas-soria/internal/transactions/repository.go:28.47,32.2 1 1
github.com/lucas-soria/backpack-bcgow6-lucas-soria/internal/transactions/repository.go:34.58,36.38 2 0
github.com/lucas-soria/backpack-bcgow6-lucas-soria/internal/transactions/repository.go:39.2,39.18 1 0
github.com/lucas-soria/backpack-bcgow6-lucas-soria/internal/transactions/repository.go:42.2,42.23 1 0
github.com/lucas-soria/backpack-bcgow6-lucas-soria/internal/transactions/repository.go:47.2,47.8 1 0
github.com/lucas-soria/backpack-bcgow6-lucas-soria/internal/transactions/repository.go:36.38,38.3 1 0
github.com/lucas-soria/backpack-bcgow6-lucas-soria/internal/transactions/repository.go:39.18,41.3 1 0
github.com/lucas-soria/backpack-bcgow6-lucas-soria/internal/transactions/repository.go:42.23,43.20 1 0
github.com/lucas-soria/backpack-bcgow6-lucas-soria/internal/transactions/repository.go:43.20,45.4 1 0
github.com/lucas-soria/backpack-bcgow6-lucas-soria/internal/transactions/repository.go:50.63,53.23 3 1
github.com/lucas-soria/backpack-bcgow6-lucas-soria/internal/transactions/repository.go:59.2,60.8 2 1
github.com/lucas-soria/backpack-bcgow6-lucas-soria/internal/transactions/repository.go:53.23,54.17 1 1
github.com/lucas-soria/backpack-bcgow6-lucas-soria/internal/transactions/repository.go:54.17,57.4 2 1
github.com/lucas-soria/backpack-bcgow6-lucas-soria/internal/transactions/repository.go:63.69,66.2 2 1
github.com/lucas-soria/backpack-bcgow6-lucas-soria/internal/transactions/repository.go:68.72,71.24 3 1
github.com/lucas-soria/backpack-bcgow6-lucas-soria/internal/transactions/repository.go:77.2,78.8 2 0
github.com/lucas-soria/backpack-bcgow6-lucas-soria/internal/transactions/repository.go:71.24,72.18 1 1
github.com/lucas-soria/backpack-bcgow6-lucas-soria/internal/transactions/repository.go:72.18,75.4 2 1
github.com/lucas-soria/backpack-bcgow6-lucas-soria/internal/transactions/repository.go:81.93,84.16 3 0
github.com/lucas-soria/backpack-bcgow6-lucas-soria/internal/transactions/repository.go:87.2,90.16 4 0
github.com/lucas-soria/backpack-bcgow6-lucas-soria/internal/transactions/repository.go:93.2,96.8 4 0
github.com/lucas-soria/backpack-bcgow6-lucas-soria/internal/transactions/repository.go:84.16,86.3 1 0
github.com/lucas-soria/backpack-bcgow6-lucas-soria/internal/transactions/repository.go:90.16,92.3 1 0
github.com/lucas-soria/backpack-bcgow6-lucas-soria/internal/transactions/repository.go:99.103,101.16 2 1
github.com/lucas-soria/backpack-bcgow6-lucas-soria/internal/transactions/repository.go:105.2,108.16 4 1
github.com/lucas-soria/backpack-bcgow6-lucas-soria/internal/transactions/repository.go:111.2,116.8 6 1
github.com/lucas-soria/backpack-bcgow6-lucas-soria/internal/transactions/repository.go:101.16,104.3 2 0
github.com/lucas-soria/backpack-bcgow6-lucas-soria/internal/transactions/repository.go:108.16,110.3 1 0
github.com/lucas-soria/backpack-bcgow6-lucas-soria/internal/transactions/repository.go:119.118,121.16 2 0
github.com/lucas-soria/backpack-bcgow6-lucas-soria/internal/transactions/repository.go:125.2,128.16 4 0
github.com/lucas-soria/backpack-bcgow6-lucas-soria/internal/transactions/repository.go:131.2,135.8 5 0
github.com/lucas-soria/backpack-bcgow6-lucas-soria/internal/transactions/repository.go:121.16,124.3 2 0
github.com/lucas-soria/backpack-bcgow6-lucas-soria/internal/transactions/repository.go:128.16,130.3 1 0
github.com/lucas-soria/backpack-bcgow6-lucas-soria/internal/transactions/repository.go:138.64,140.16 2 1
github.com/lucas-soria/backpack-bcgow6-lucas-soria/internal/transactions/repository.go:144.2,146.16 3 1
github.com/lucas-soria/backpack-bcgow6-lucas-soria/internal/transactions/repository.go:149.2,152.8 4 1
github.com/lucas-soria/backpack-bcgow6-lucas-soria/internal/transactions/repository.go:140.16,143.3 2 1
github.com/lucas-soria/backpack-bcgow6-lucas-soria/internal/transactions/repository.go:146.16,148.3 1 0
github.com/lucas-soria/backpack-bcgow6-lucas-soria/internal/transactions/repository_mock.go:14.83,20.2 1 1
github.com/lucas-soria/backpack-bcgow6-lucas-soria/internal/transactions/repository_mock.go:22.73,24.2 1 0
github.com/lucas-soria/backpack-bcgow6-lucas-soria/internal/transactions/repository_mock.go:26.76,28.2 1 0
github.com/lucas-soria/backpack-bcgow6-lucas-soria/internal/transactions/repository_mock.go:30.97,32.2 1 0
github.com/lucas-soria/backpack-bcgow6-lucas-soria/internal/transactions/repository_mock.go:34.107,36.2 1 0
github.com/lucas-soria/backpack-bcgow6-lucas-soria/internal/transactions/repository_mock.go:38.122,40.2 1 0
github.com/lucas-soria/backpack-bcgow6-lucas-soria/internal/transactions/repository_mock.go:42.68,43.18 1 1
github.com/lucas-soria/backpack-bcgow6-lucas-soria/internal/transactions/repository_mock.go:46.2,46.26 1 0
github.com/lucas-soria/backpack-bcgow6-lucas-soria/internal/transactions/repository_mock.go:43.18,45.3 1 1
github.com/lucas-soria/backpack-bcgow6-lucas-soria/internal/transactions/service.go:23.39,27.2 1 1
github.com/lucas-soria/backpack-bcgow6-lucas-soria/internal/transactions/service.go:29.83,31.33 2 0
github.com/lucas-soria/backpack-bcgow6-lucas-soria/internal/transactions/service.go:46.2,46.8 1 0
github.com/lucas-soria/backpack-bcgow6-lucas-soria/internal/transactions/service.go:31.33,34.46 3 0
github.com/lucas-soria/backpack-bcgow6-lucas-soria/internal/transactions/service.go:42.3,42.8 1 0
github.com/lucas-soria/backpack-bcgow6-lucas-soria/internal/transactions/service.go:34.46,35.77 1 0
github.com/lucas-soria/backpack-bcgow6-lucas-soria/internal/transactions/service.go:35.77,36.68 1 0
github.com/lucas-soria/backpack-bcgow6-lucas-soria/internal/transactions/service.go:36.68,38.11 2 0
github.com/lucas-soria/backpack-bcgow6-lucas-soria/internal/transactions/service.go:42.8,44.4 1 0
github.com/lucas-soria/backpack-bcgow6-lucas-soria/internal/transactions/service.go:49.68,52.2 2 0
github.com/lucas-soria/backpack-bcgow6-lucas-soria/internal/transactions/service.go:54.91,57.2 2 0
github.com/lucas-soria/backpack-bcgow6-lucas-soria/internal/transactions/service.go:59.100,62.2 2 1
github.com/lucas-soria/backpack-bcgow6-lucas-soria/internal/transactions/service.go:64.115,67.2 2 0
github.com/lucas-soria/backpack-bcgow6-lucas-soria/internal/transactions/service.go:69.61,72.2 2 1
